<?xml version="1.0" encoding="UTF-8"?>
<!-- Generated by org.testng.reporters.JUnitReportReporter -->
<testsuite skipped="0" hostname="hp-pc" name="org.qsp.testPom.TestTC_05" tests="1" failures="0" timestamp="2020-08-13T14:15:58 IST" time="49.786" errors="0">
  <testcase name="TC_05" time="49.786" classname="org.qsp.testPom.TestTC_05"/>
  <system-out/>
</testsuite> <!-- org.qsp.testPom.TestTC_05 -->
