<?xml version="1.0" encoding="UTF-8"?>
<!-- Generated by org.testng.reporters.JUnitReportReporter -->
<testsuite skipped="0" hostname="hp-pc" name="org.qsp.testPom.TestTC_20" tests="1" failures="0" timestamp="2020-08-15T13:24:16 IST" time="37.817" errors="0">
  <testcase name="TC20" time="37.817" classname="org.qsp.testPom.TestTC_20"/>
  <system-out/>
</testsuite> <!-- org.qsp.testPom.TestTC_20 -->
