<?xml version="1.0" encoding="UTF-8"?>
<!-- Generated by org.testng.reporters.JUnitReportReporter -->
<testsuite skipped="0" hostname="hp-pc" name="org.qsp.testPom.TestTC_19" tests="1" failures="0" timestamp="2020-08-15T13:05:41 IST" time="37.440" errors="0">
  <testcase name="TC19" time="37.440" classname="org.qsp.testPom.TestTC_19"/>
  <system-out/>
</testsuite> <!-- org.qsp.testPom.TestTC_19 -->
