<?xml version="1.0" encoding="UTF-8"?>
<!-- Generated by org.testng.reporters.JUnitReportReporter -->
<testsuite skipped="0" hostname="hp-pc" name="org.qsp.testPom.TestTC_08" tests="1" failures="0" timestamp="2020-08-13T08:46:31 IST" time="65.874" errors="0">
  <testcase name="testValidLogin" time="65.874" classname="org.qsp.testPom.TestTC_08"/>
  <system-out/>
</testsuite> <!-- org.qsp.testPom.TestTC_08 -->
