<?xml version="1.0" encoding="UTF-8"?>
<!-- Generated by org.testng.reporters.JUnitReportReporter -->
<testsuite skipped="0" hostname="hp-pc" name="org.qsp.testPom.TestTC_04" tests="1" failures="0" timestamp="2020-08-13T09:13:58 IST" time="55.327" errors="0">
  <testcase name="testValidLogin" time="55.327" classname="org.qsp.testPom.TestTC_04"/>
  <system-out/>
</testsuite> <!-- org.qsp.testPom.TestTC_04 -->
