<?xml version="1.0" encoding="UTF-8"?>
<!-- Generated by org.testng.reporters.JUnitReportReporter -->
<testsuite skipped="0" hostname="hp-pc" name="org.qsp.testPom.TestTC_11" tests="1" failures="0" timestamp="2020-08-13T17:52:54 IST" time="41.852" errors="0">
  <testcase name="TC11" time="41.852" classname="org.qsp.testPom.TestTC_11"/>
  <system-out/>
</testsuite> <!-- org.qsp.testPom.TestTC_11 -->
