<?xml version="1.0" encoding="UTF-8"?>
<!-- Generated by org.testng.reporters.JUnitReportReporter -->
<testsuite skipped="0" hostname="hp-pc" name="org.qsp.testPom.TestCase2Imp" tests="1" failures="0" timestamp="2020-08-12T18:58:05 IST" time="64.860" errors="0">
  <testcase name="testValidLogin" time="64.860" classname="org.qsp.testPom.TestCase2Imp"/>
  <system-out>
TaskCreated  </system-out>
</testsuite> <!-- org.qsp.testPom.TestCase2Imp -->
