<?xml version="1.0" encoding="UTF-8"?>
<!-- Generated by org.testng.reporters.JUnitReportReporter -->
<testsuite skipped="0" hostname="hp-pc" name="org.qsp.testPom.TestInvalidLogin" tests="1" failures="0" timestamp="2020-08-11T19:07:52 IST" time="16.808" errors="0">
  <testcase name="testInvalidLogin" time="16.808" classname="org.qsp.testPom.TestInvalidLogin"/>
  <system-out/>
</testsuite> <!-- org.qsp.testPom.TestInvalidLogin -->
