<?xml version="1.0" encoding="UTF-8"?>
<!-- Generated by org.testng.reporters.JUnitReportReporter -->
<testsuite skipped="0" hostname="hp-pc" name="org.qsp.testPom.TestValidLogin" tests="1" failures="0" timestamp="2020-08-12T09:56:34 IST" time="67.815" errors="0">
  <testcase name="testValidLogin" time="67.815" classname="org.qsp.testPom.TestValidLogin"/>
  <system-out>
TaskCreated  </system-out>
</testsuite> <!-- org.qsp.testPom.TestValidLogin -->
