<?xml version="1.0" encoding="UTF-8"?>
<!-- Generated by org.testng.reporters.JUnitReportReporter -->
<testsuite skipped="0" hostname="hp-pc" name="org.qsp.testPom.TestTC_13" tests="1" failures="0" timestamp="2020-08-13T18:21:31 IST" time="47.154" errors="0">
  <testcase name="TC13" time="47.154" classname="org.qsp.testPom.TestTC_13"/>
  <system-out/>
</testsuite> <!-- org.qsp.testPom.TestTC_13 -->
