<?xml version="1.0" encoding="UTF-8"?>
<!-- Generated by org.testng.reporters.JUnitReportReporter -->
<testsuite skipped="0" hostname="hp-pc" name="org.qsp.testPom.TestTC_01" tests="1" failures="0" timestamp="2020-08-13T14:12:52 IST" time="50.938" errors="0">
  <testcase name="TC_01" time="50.938" classname="org.qsp.testPom.TestTC_01"/>
  <system-out/>
</testsuite> <!-- org.qsp.testPom.TestTC_01 -->
