<?xml version="1.0" encoding="UTF-8"?>
<!-- Generated by org.testng.reporters.JUnitReportReporter -->
<testsuite skipped="0" hostname="hp-pc" name="org.qsp.testPom.TestTC_06" tests="1" failures="0" timestamp="2020-08-13T01:12:16 IST" time="45.384" errors="0">
  <testcase name="testValidLogin" time="45.384" classname="org.qsp.testPom.TestTC_06"/>
  <system-out/>
</testsuite> <!-- org.qsp.testPom.TestTC_06 -->
