<?xml version="1.0" encoding="UTF-8"?>
<!-- Generated by org.testng.reporters.JUnitReportReporter -->
<testsuite skipped="0" hostname="hp-pc" name="org.qsp.testPom.TestTC_09" tests="1" failures="0" timestamp="2020-08-13T21:12:42 IST" time="48.179" errors="0">
  <testcase name="TC_09" time="48.179" classname="org.qsp.testPom.TestTC_09"/>
  <system-out/>
</testsuite> <!-- org.qsp.testPom.TestTC_09 -->
