<?xml version="1.0" encoding="UTF-8"?>
<!-- Generated by org.testng.reporters.JUnitReportReporter -->
<testsuite skipped="0" hostname="hp-pc" name="org.qsp.testPom.TestTC_16" tests="1" failures="0" timestamp="2020-08-15T12:43:32 IST" time="39.208" errors="0">
  <testcase name="TC16" time="39.208" classname="org.qsp.testPom.TestTC_16"/>
  <system-out/>
</testsuite> <!-- org.qsp.testPom.TestTC_16 -->
